INFO 2025-06-07 15:31:52,858 email_backends 70745 8438488832 Connecting to smtp.zeptomail.in:587 with user emailapikey
INFO 2025-06-07 15:31:52,955 email_backends 70745 8438488832 Starting TLS connection...
INFO 2025-06-07 15:31:53,148 email_backends 70745 8438488832 TLS connection established
INFO 2025-06-07 15:31:53,148 email_backends 70745 8438488832 Authenticating with username: emailapikey
INFO 2025-06-07 15:31:53,243 email_backends 70745 8438488832 Authentication successful
INFO 2025-06-07 15:31:53,494 email_backends 70745 8438488832 SMTP connection closed gracefully
INFO 2025-06-07 15:34:22,318 email_backends 70890 8438488832 Connecting to smtp.zeptomail.in:587 with user emailapikey
INFO 2025-06-07 15:34:22,426 email_backends 70890 8438488832 Starting TLS connection...
INFO 2025-06-07 15:34:22,644 email_backends 70890 8438488832 TLS connection established
INFO 2025-06-07 15:34:22,644 email_backends 70890 8438488832 Authenticating with username: emailapikey
INFO 2025-06-07 15:34:22,756 email_backends 70890 8438488832 Authentication successful
INFO 2025-06-07 15:34:23,034 email_backends 70890 8438488832 SMTP connection closed gracefully
INFO 2025-06-07 15:34:23,035 email_backends 70890 8438488832 Connecting to smtp.zeptomail.in:587 with user emailapikey
INFO 2025-06-07 15:34:23,142 email_backends 70890 8438488832 Starting TLS connection...
INFO 2025-06-07 15:34:23,359 email_backends 70890 8438488832 TLS connection established
INFO 2025-06-07 15:34:23,360 email_backends 70890 8438488832 Authenticating with username: emailapikey
INFO 2025-06-07 15:34:23,474 email_backends 70890 8438488832 Authentication successful
INFO 2025-06-07 15:34:23,758 email_backends 70890 8438488832 SMTP connection closed gracefully
INFO 2025-06-07 15:34:23,760 email_backends 70890 8438488832 Connecting to smtp.zeptomail.in:587 with user emailapikey
INFO 2025-06-07 15:34:23,867 email_backends 70890 8438488832 Starting TLS connection...
INFO 2025-06-07 15:34:24,268 email_backends 70890 8438488832 TLS connection established
INFO 2025-06-07 15:34:24,268 email_backends 70890 8438488832 Authenticating with username: emailapikey
INFO 2025-06-07 15:34:24,363 email_backends 70890 8438488832 Authentication successful
INFO 2025-06-07 15:34:24,606 email_backends 70890 8438488832 SMTP connection closed gracefully
INFO 2025-06-07 15:34:24,608 email_backends 70890 8438488832 Connecting to smtp.zeptomail.in:587 with user emailapikey
INFO 2025-06-07 15:34:24,699 email_backends 70890 8438488832 Starting TLS connection...
INFO 2025-06-07 15:34:24,892 email_backends 70890 8438488832 TLS connection established
INFO 2025-06-07 15:34:24,893 email_backends 70890 8438488832 Authenticating with username: emailapikey
INFO 2025-06-07 15:34:24,988 email_backends 70890 8438488832 Authentication successful
INFO 2025-06-07 15:34:25,271 email_backends 70890 8438488832 SMTP connection closed gracefully
INFO 2025-06-07 15:34:25,776 email_backends 70893 8438488832 Connecting to smtp.zeptomail.in:587 with user emailapikey
INFO 2025-06-07 15:34:25,872 email_backends 70893 8438488832 Starting TLS connection...
INFO 2025-06-07 15:34:26,063 email_backends 70893 8438488832 TLS connection established
INFO 2025-06-07 15:34:26,064 email_backends 70893 8438488832 Authenticating with username: emailapikey
INFO 2025-06-07 15:34:26,161 email_backends 70893 8438488832 Authentication successful
INFO 2025-06-07 15:34:26,409 email_backends 70893 8438488832 SMTP connection closed gracefully
INFO 2025-06-07 15:36:40,348 email_backends 70973 6164017152 Connecting to smtp.zeptomail.in:587 with user emailapikey
INFO 2025-06-07 15:36:40,443 email_backends 70973 6164017152 Starting TLS connection...
INFO 2025-06-07 15:36:40,628 email_backends 70973 6164017152 TLS connection established
INFO 2025-06-07 15:36:40,629 email_backends 70973 6164017152 Authenticating with username: emailapikey
INFO 2025-06-07 15:36:40,720 email_backends 70973 6164017152 Authentication successful
INFO 2025-06-07 15:36:41,045 email_backends 70973 6164017152 SMTP connection closed gracefully
INFO 2025-06-07 15:36:41,050 email_service 70973 6164017152 PO 202506071536403C81A531 sent via SMTP to ['jerish220@gmail.com', 'anubha@jeyarama.com', 'jebhaharrison@yahoo.com']
INFO 2025-06-07 15:41:18,891 email_backends 70973 6164017152 Connecting to smtp.zeptomail.in:587 with user emailapikey
INFO 2025-06-07 15:41:18,990 email_backends 70973 6164017152 Starting TLS connection...
INFO 2025-06-07 15:41:19,185 email_backends 70973 6164017152 TLS connection established
INFO 2025-06-07 15:41:19,186 email_backends 70973 6164017152 Authenticating with username: emailapikey
INFO 2025-06-07 15:41:19,286 email_backends 70973 6164017152 Authentication successful
INFO 2025-06-07 15:41:19,591 email_backends 70973 6164017152 SMTP connection closed gracefully
INFO 2025-06-07 15:41:19,595 email_service 70973 6164017152 PO 202506071541181108E0B5 sent via SMTP to ['anubha@jeyarama.com', 'Asaithambi@yahoo.com']
INFO 2025-06-09 07:09:25,438 email_backends 81176 6140620800 Connecting to smtp.zeptomail.in:587 with user emailapikey
INFO 2025-06-09 07:09:25,584 email_backends 81176 6140620800 Starting TLS connection...
INFO 2025-06-09 07:09:28,860 email_backends 81176 6140620800 TLS connection established
INFO 2025-06-09 07:09:28,861 email_backends 81176 6140620800 Authenticating with username: emailapikey
INFO 2025-06-09 07:09:29,012 email_backends 81176 6140620800 Authentication successful
INFO 2025-06-09 07:09:29,378 email_backends 81176 6140620800 SMTP connection closed gracefully
INFO 2025-06-09 07:09:29,383 email_service 81176 6140620800 PO 20250609070925367F6E37 sent via SMTP to ['sathguna.rct@gmail.com', 'anubha@jeyarama.com', 'jerish@jcrc.in']
INFO 2025-06-09 07:36:04,495 email_backends 82482 6203633664 Connecting to smtp.zeptomail.in:587 with user emailapikey
INFO 2025-06-09 07:36:04,656 email_backends 82482 6203633664 Starting TLS connection...
INFO 2025-06-09 07:36:04,873 email_backends 82482 6203633664 TLS connection established
INFO 2025-06-09 07:36:04,873 email_backends 82482 6203633664 Authenticating with username: emailapikey
INFO 2025-06-09 07:36:04,969 email_backends 82482 6203633664 Authentication successful
INFO 2025-06-09 07:36:05,420 email_backends 82482 6203633664 SMTP connection closed gracefully
INFO 2025-06-09 07:36:35,312 email_backends 82482 6203633664 Connecting to smtp.zeptomail.in:587 with user emailapikey
INFO 2025-06-09 07:36:35,436 email_backends 82482 6203633664 Starting TLS connection...
INFO 2025-06-09 07:36:35,746 email_backends 82482 6203633664 TLS connection established
INFO 2025-06-09 07:36:35,747 email_backends 82482 6203633664 Authenticating with username: emailapikey
INFO 2025-06-09 07:36:35,890 email_backends 82482 6203633664 Authentication successful
INFO 2025-06-09 07:36:36,213 email_backends 82482 6203633664 SMTP connection closed gracefully
INFO 2025-06-09 09:53:02,945 email_backends 86013 6155644928 Connecting to smtp.zeptomail.in:587 with user emailapikey
INFO 2025-06-09 09:53:03,227 email_backends 86013 6155644928 Starting TLS connection...
INFO 2025-06-09 09:53:03,547 email_backends 86013 6155644928 TLS connection established
INFO 2025-06-09 09:53:03,547 email_backends 86013 6155644928 Authenticating with username: emailapikey
INFO 2025-06-09 09:53:03,672 email_backends 86013 6155644928 Authentication successful
INFO 2025-06-09 09:53:04,110 email_backends 86013 6155644928 SMTP connection closed gracefully
INFO 2025-06-09 09:53:04,114 email_service 86013 6155644928 PO 202506090953026E8161BE sent via SMTP to ['anubha@jeyarama.com', 'Asaithambi@yahoo.com']
INFO 2025-06-09 09:54:19,227 email_backends 86013 6155644928 Connecting to smtp.zeptomail.in:587 with user emailapikey
INFO 2025-06-09 09:54:19,364 email_backends 86013 6155644928 Starting TLS connection...
INFO 2025-06-09 09:54:19,614 email_backends 86013 6155644928 TLS connection established
INFO 2025-06-09 09:54:19,615 email_backends 86013 6155644928 Authenticating with username: emailapikey
INFO 2025-06-09 09:54:19,713 email_backends 86013 6155644928 Authentication successful
INFO 2025-06-09 09:54:20,075 email_backends 86013 6155644928 SMTP connection closed gracefully
INFO 2025-06-09 09:54:20,083 email_service 86013 6155644928 PO 2025060909541978E07FA8 sent via SMTP to ['jerish220@gmail.com', 'anubha@jeyarama.com', 'Asaithambi@yahoo.com']
INFO 2025-06-09 10:25:47,602 email_backends 87515 6168604672 Connecting to smtp.zeptomail.in:587 with user emailapikey
INFO 2025-06-09 10:25:48,256 email_backends 87515 6168604672 Starting TLS connection...
INFO 2025-06-09 10:25:48,551 email_backends 87515 6168604672 TLS connection established
INFO 2025-06-09 10:25:48,552 email_backends 87515 6168604672 Authenticating with username: emailapikey
INFO 2025-06-09 10:25:48,676 email_backends 87515 6168604672 Authentication successful
INFO 2025-06-09 10:25:49,218 email_backends 87515 6168604672 SMTP connection closed gracefully
INFO 2025-06-09 10:25:49,224 email_service 87515 6168604672 PO 20250609102547447D1253 sent via SMTP to ['jerish220@gmail.com']
INFO 2025-06-11 05:16:03,567 email_backends 2 139026061776768 Connecting to smtp.zeptomail.in:587 with user emailapikey
ERROR 2025-06-11 05:16:03,572 email_backends 2 139026061776768 Failed to connect to Zepto Mail SMTP: [Errno 111] Connection refused
INFO 2025-06-11 05:16:23,676 email_backends 2 139026061776768 Connecting to smtp.zeptomail.in:587 with user emailapikey
ERROR 2025-06-11 05:16:23,678 email_backends 2 139026061776768 Failed to connect to Zepto Mail SMTP: [Errno 111] Connection refused
INFO 2025-06-11 05:26:29,538 email_backends 2 139026061776768 Connecting to smtp.zeptomail.in:587 with user emailapikey
ERROR 2025-06-11 05:26:29,582 email_backends 2 139026061776768 Failed to connect to Zepto Mail SMTP: [Errno 111] Connection refused
INFO 2025-06-11 05:48:55,458 email_backends 2 139026061776768 Connecting to smtp.zeptomail.in:587 with user emailapikey
ERROR 2025-06-11 05:48:55,463 email_backends 2 139026061776768 Failed to connect to Zepto Mail SMTP: [Errno 111] Connection refused
INFO 2025-06-11 06:02:08,785 email_backends 711 140011186905536 Connecting to smtp.zeptomail.in:587 with user emailapikey
ERROR 2025-06-11 06:02:08,798 email_backends 711 140011186905536 SMTP connection failed: [Errno 111] Connection refused
INFO 2025-06-11 06:02:08,798 email_backends 711 140011186905536 SMTP failed, will use API fallback for email sending
ERROR 2025-06-11 06:02:08,799 email_backends 711 140011186905536 SMTP sending failed: 'str' object has no attribute 'sendmail'
INFO 2025-06-11 06:02:08,799 email_backends 711 140011186905536 Falling back to API for email sending
ERROR 2025-06-11 06:02:09,425 email_backends 711 140011186905536 API sending failed: 401 - {"error":{"code":"TM_4001","details":[{"code":"SM_113","target_value":"admin@jeyarama.com","message":"Invalid email address","target":"bounce_address"}],"message":"Access Denied","request_id":"2518b.41b56e9dd2b4e057.m1.9c2e4fb0-4689-11f0-a5e9-525400c92439.1975d94e82b"}}
ERROR 2025-06-11 06:02:09,425 email_backends 711 140011186905536 API sending failed for message: API error: 401 - {"error":{"code":"TM_4001","details":[{"code":"SM_113","target_value":"admin@jeyarama.com","message":"Invalid email address","target":"bounce_address"}],"message":"Access Denied","request_id":"2518b.41b56e9dd2b4e057.m1.9c2e4fb0-4689-11f0-a5e9-525400c92439.1975d94e82b"}}
ERROR 2025-06-11 06:33:14,441 email_service 2 126406324778880 SMTP sending failed for PO 2025061106331412641C85: Module "po_system.email_backends" does not define a "ZeptoMailSimpleBackend" attribute/class
WARNING 2025-06-11 06:33:14,442 email_service 2 126406324778880 SMTP failed for PO 2025061106331412641C85: Module "po_system.email_backends" does not define a "ZeptoMailSimpleBackend" attribute/class
ERROR 2025-06-11 06:33:15,055 email_service 2 126406324778880 API sending failed for PO 2025061106331412641C85: API returned 401: {"error":{"code":"TM_4001","details":[{"code":"SM_113","target_value":"noreply@jeyarama.com","message":"Invalid email address","target":"bounce_address"}],"message":"Access Denied","request_id":"2518b.41b56e9dd2b4e057.m1.f42e1840-468d-11f0-8d46-ae9c7e0b6a9f.1975db15fc4"}}
ERROR 2025-06-11 06:33:15,056 email_service 2 126406324778880 API also failed for PO 2025061106331412641C85: API returned 401: {"error":{"code":"TM_4001","details":[{"code":"SM_113","target_value":"noreply@jeyarama.com","message":"Invalid email address","target":"bounce_address"}],"message":"Access Denied","request_id":"2518b.41b56e9dd2b4e057.m1.f42e1840-468d-11f0-8d46-ae9c7e0b6a9f.1975db15fc4"}}
ERROR 2025-06-11 06:55:23,266 email_service 2 126406324778880 SMTP sending failed for PO 2025061106331412641C85: Module "po_system.email_backends" does not define a "ZeptoMailSimpleBackend" attribute/class
WARNING 2025-06-11 06:55:23,267 email_service 2 126406324778880 SMTP failed for PO 2025061106331412641C85: Module "po_system.email_backends" does not define a "ZeptoMailSimpleBackend" attribute/class
ERROR 2025-06-11 06:55:23,934 email_service 2 126406324778880 API sending failed for PO 2025061106331412641C85: API returned 401: {"error":{"code":"TM_4001","details":[{"code":"SM_113","target_value":"noreply@jeyarama.com","message":"Invalid email address","target":"bounce_address"}],"message":"Access Denied","request_id":"2518b.41b56e9dd2b4e057.m1.0c40f030-4691-11f0-a5e9-525400c92439.1975dc5a6b3"}}
ERROR 2025-06-11 06:55:23,934 email_service 2 126406324778880 API also failed for PO 2025061106331412641C85: API returned 401: {"error":{"code":"TM_4001","details":[{"code":"SM_113","target_value":"noreply@jeyarama.com","message":"Invalid email address","target":"bounce_address"}],"message":"Access Denied","request_id":"2518b.41b56e9dd2b4e057.m1.0c40f030-4691-11f0-a5e9-525400c92439.1975dc5a6b3"}}
INFO 2025-06-11 07:44:20,124 email_service 2 132655447984000 Email sent successfully via API to 1 recipients
ERROR 2025-06-11 07:44:45,980 email_service 2 132655447984000 Exception in send_po_email: po_system/email/po_email.html
ERROR 2025-06-11 07:45:05,940 email_service 2 132655447984000 Exception in send_po_email: po_system/email/po_email.html
ERROR 2025-06-11 07:45:18,205 email_service 2 132655447984000 Exception in send_po_email: po_system/email/po_email.html
ERROR 2025-06-11 07:51:57,865 email_service 2 138363925075840 Exception in send_po_email: 'PurchaseOrder' object has no attribute 'notes'
INFO 2025-06-11 08:37:01,851 email_service 2 138839765538688 Email sent successfully via API to 3 recipients
INFO 2025-06-11 09:34:49,568 email_service 2 123739510933376 Email sent successfully via API to 3 recipients
